#
# There is insufficient memory for the Java Runtime Environment to continue.
# Native memory allocation (malloc) failed to allocate 1166544 bytes. Error detail: Chunk::new
# Possible reasons:
#   The system is out of physical RAM or swap space
#   This process is running with CompressedOops enabled, and the Java Heap may be blocking the growth of the native heap
# Possible solutions:
#   Reduce memory load on the system
#   Increase physical memory or swap space
#   Check if swap backing store is full
#   Decrease Java heap size (-Xmx/-Xms)
#   Decrease number of Java threads
#   Decrease Java thread stack sizes (-Xss)
#   Set larger code cache with -XX:ReservedCodeCacheSize=
#   JVM is running with Unscaled Compressed Oops mode in which the Java heap is
#     placed in the first 4GB address space. The Java Heap base address is the
#     maximum limit for the native heap growth. Please use -XX:HeapBaseMinAddress
#     to set the Java Heap base and to place the Java Heap above 4GB virtual address.
# This output file may be truncated or incomplete.
#
#  Out of Memory Error (arena.cpp:168), pid=8628, tid=10228
#
# JRE version: OpenJDK Runtime Environment Temurin-21.0.10+7 (21.0.10+7) (build 21.0.10+7-LTS)
# Java VM: OpenJDK 64-Bit Server VM Temurin-21.0.10+7 (21.0.10+7-LTS, mixed mode, sharing, tiered, compressed oops, compressed class ptrs, g1 gc, windows-amd64)
# Core dump will be written. Default location: C:\polymarket_swipe\android\hs_err_pid8628.mdmp
#

---------------  S U M M A R Y ------------

Command Line: org.jetbrains.kotlin.cli.jvm.K2JVMCompiler @C:\flutter\packages\flutter_tools\gradle\build\20260407_2510454283065176041.compiler.options

Host: Common KVM processor, 4 cores, 7G,  Windows Server 2025 , 64 bit Build 26100 (10.0.26100.4202)
Time: Tue Apr  7 00:30:46 2026 elapsed time: 17.781266 seconds (0d 0h 0m 17s)

---------------  T H R E A D  ---------------

Current thread (0x000001a02511a1c0):  JavaThread "C2 CompilerThread0" daemon [_thread_in_native, id=10228, stack(0x0000005764a00000,0x0000005764b00000) (1024K)]


Current CompileTask:
C2:17781 10198       4       org.jetbrains.kotlin.resolve.calls.smartcasts.IdentifierInfoKt::getIdForStableIdentifier (421 bytes)

Stack: [0x0000005764a00000,0x0000005764b00000]
Native frames: (J=compiled Java code, j=interpreted, Vv=VM code, C=native code)
V  [jvm.dll+0x6d7a39]
V  [jvm.dll+0x8b4b26]
V  [jvm.dll+0x8b70de]
V  [jvm.dll+0x8b77c3]
V  [jvm.dll+0x284346]
V  [jvm.dll+0xc66ed]
V  [jvm.dll+0xc6c31]
V  [jvm.dll+0x3bec3b]
V  [jvm.dll+0x1e3f69]
V  [jvm.dll+0x24c6b3]
V  [jvm.dll+0x24bb40]
V  [jvm.dll+0x1cb34e]
V  [jvm.dll+0x25b85d]
V  [jvm.dll+0x259dea]
V  [jvm.dll+0x3f857e]
V  [jvm.dll+0x85f59d]
V  [jvm.dll+0x6d626d]
C  [ucrtbase.dll+0x37b0]
C  [KERNEL32.DLL+0x2e8d7]
C  [ntdll.dll+0x3c34c]


---------------  P R O C E S S  ---------------

Threads class SMR info:
_java_thread_list=0x000001a06b6b7550, length=12, elements={
0x000001a0091d8b40, 0x000001a0250fd180, 0x000001a0250fdbe0, 0x000001a025104e40,
0x000001a025107fe0, 0x000001a025105de0, 0x000001a025118e70, 0x000001a02511a1c0,
0x000001a02511e570, 0x000001a02523e5d0, 0x000001a0252441b0, 0x000001a0735d2e50
}

Java Threads: ( => current thread )
  0x000001a0091d8b40 JavaThread "main"                              [_thread_in_Java, id=3468, stack(0x0000005763c00000,0x0000005763d00000) (1024K)]
  0x000001a0250fd180 JavaThread "Reference Handler"          daemon [_thread_blocked, id=1572, stack(0x0000005764400000,0x0000005764500000) (1024K)]
  0x000001a0250fdbe0 JavaThread "Finalizer"                  daemon [_thread_blocked, id=4760, stack(0x0000005764500000,0x0000005764600000) (1024K)]
  0x000001a025104e40 JavaThread "Signal Dispatcher"          daemon [_thread_blocked, id=9408, stack(0x0000005764600000,0x0000005764700000) (1024K)]
  0x000001a025107fe0 JavaThread "Attach Listener"            daemon [_thread_blocked, id=9952, stack(0x0000005764700000,0x0000005764800000) (1024K)]
  0x000001a025105de0 JavaThread "Service Thread"             daemon [_thread_blocked, id=10872, stack(0x0000005764800000,0x0000005764900000) (1024K)]
  0x000001a025118e70 JavaThread "Monitor Deflation Thread"   daemon [_thread_blocked, id=10804, stack(0x0000005764900000,0x0000005764a00000) (1024K)]
=>0x000001a02511a1c0 JavaThread "C2 CompilerThread0"         daemon [_thread_in_native, id=10228, stack(0x0000005764a00000,0x0000005764b00000) (1024K)]
  0x000001a02511e570 JavaThread "C1 CompilerThread0"         daemon [_thread_blocked, id=10332, stack(0x0000005764b00000,0x0000005764c00000) (1024K)]
  0x000001a02523e5d0 JavaThread "Notification Thread"        daemon [_thread_blocked, id=10040, stack(0x0000005764c00000,0x0000005764d00000) (1024K)]
  0x000001a0252441b0 JavaThread "Common-Cleaner"             daemon [_thread_blocked, id=12084, stack(0x0000005764d00000,0x0000005764e00000) (1024K)]
  0x000001a0735d2e50 JavaThread "C2 CompilerThread1"         daemon [_thread_in_native, id=9260, stack(0x0000005764f00000,0x0000005765000000) (1024K)]
Total: 12

Other Threads:
  0x000001a0250db130 VMThread "VM Thread"                           [id=10568, stack(0x0000005764300000,0x0000005764400000) (1024K)]
  0x000001a0250c9390 WatcherThread "VM Periodic Task Thread"        [id=5136, stack(0x0000005764200000,0x0000005764300000) (1024K)]
  0x000001a00b4b5df0 WorkerThread "GC Thread#0"                     [id=9608, stack(0x0000005763d00000,0x0000005763e00000) (1024K)]
  0x000001a0256543b0 WorkerThread "GC Thread#1"                     [id=10244, stack(0x0000005765000000,0x0000005765100000) (1024K)]
  0x000001a0256534f0 WorkerThread "GC Thread#2"                     [id=10680, stack(0x0000005765100000,0x0000005765200000) (1024K)]
  0x000001a025654000 WorkerThread "GC Thread#3"                     [id=3816, stack(0x0000005765200000,0x0000005765300000) (1024K)]
  0x000001a00b4c6de0 ConcurrentGCThread "G1 Main Marker"            [id=1284, stack(0x0000005763e00000,0x0000005763f00000) (1024K)]
  0x000001a00b4c8770 WorkerThread "G1 Conc#0"                       [id=8692, stack(0x0000005763f00000,0x0000005764000000) (1024K)]
  0x000001a00b51ea90 ConcurrentGCThread "G1 Refine#0"               [id=11600, stack(0x0000005764000000,0x0000005764100000) (1024K)]
  0x000001a024f8e780 ConcurrentGCThread "G1 Service"                [id=11108, stack(0x0000005764100000,0x0000005764200000) (1024K)]
Total: 10

Threads with active compile tasks:
C2 CompilerThread0  17942 10198       4       org.jetbrains.kotlin.resolve.calls.smartcasts.IdentifierInfoKt::getIdForStableIdentifier (421 bytes)
C1 CompilerThread0  17942 10470       3       java.lang.invoke.LambdaForm$MH/0x000001a0276e5000::invoke (42 bytes)
C2 CompilerThread1  17942 10372       4       org.jetbrains.kotlin.resolve.calls.tower.TowerResolver::processTowerData (97 bytes)
Total: 3

VM state: not at safepoint (normal execution)

VM Mutex/Monitor currently owned by a thread: None

Heap address: 0x0000000080000000, size: 2048 MB, Compressed Oops mode: 32-bit

CDS archive(s) mapped at: [0x000001a026000000-0x000001a026ba0000-0x000001a026ba0000), size 12189696, SharedBaseAddress: 0x000001a026000000, ArchiveRelocationMode: 1.
Compressed class space mapped at: 0x000001a027000000-0x000001a067000000, reserved size: 1073741824
Narrow klass base: 0x000001a026000000, Narrow klass shift: 0, Narrow klass range: 0x100000000

GC Precious Log:
 CardTable entry size: 512
 Card Set container configuration: InlinePtr #cards 5 size 8 Array Of Cards #cards 12 size 40 Howl #buckets 4 coarsen threshold 1843 Howl Bitmap #cards 512 size 80 coarsen threshold 460 Card regions per heap region 1 cards per card region 2048
 CPUs: 4 total, 4 available
 Memory: 8191M
 Large Page Support: Disabled
 NUMA Support: Disabled
 Compressed Oops: Enabled (32-bit)
 Heap Region Size: 1M
 Heap Min Capacity: 8M
 Heap Initial Capacity: 128M
 Heap Max Capacity: 2G
 Pre-touch: Disabled
 Parallel Workers: 4
 Concurrent Workers: 1
 Concurrent Refinement Workers: 4
 Periodic GC: Disabled

Heap:
 garbage-first heap   total 160768K, used 96617K [0x0000000080000000, 0x0000000100000000)
  region size 1024K, 32 young (32768K), 9 survivors (9216K)
 Metaspace       used 56665K, committed 57536K, reserved 1114112K
  class space    used 6546K, committed 6976K, reserved 1048576K

Heap Regions: E=young(eden), S=young(survivor), O=old, HS=humongous(starts), HC=humongous(continues), CS=collection set, F=free, TAMS=top-at-mark-start, PB=parsable bottom
|   0|0x0000000080000000, 0x0000000080100000, 0x0000000080100000|100%|HS|  |TAMS 0x0000000080000000| PB 0x0000000080000000| Complete 
|   1|0x0000000080100000, 0x0000000080200000, 0x0000000080200000|100%|HC|  |TAMS 0x0000000080100000| PB 0x0000000080100000| Complete 
|   2|0x0000000080200000, 0x0000000080300000, 0x0000000080300000|100%|HC|  |TAMS 0x0000000080200000| PB 0x0000000080200000| Complete 
|   3|0x0000000080300000, 0x0000000080400000, 0x0000000080400000|100%| O|  |TAMS 0x0000000080300000| PB 0x0000000080300000| Untracked 
|   4|0x0000000080400000, 0x0000000080500000, 0x0000000080500000|100%| O|  |TAMS 0x0000000080400000| PB 0x0000000080400000| Untracked 
|   5|0x0000000080500000, 0x0000000080600000, 0x0000000080600000|100%| O|  |TAMS 0x0000000080500000| PB 0x0000000080500000| Untracked 
|   6|0x0000000080600000, 0x0000000080700000, 0x0000000080700000|100%|HS|  |TAMS 0x0000000080600000| PB 0x0000000080600000| Complete 
|   7|0x0000000080700000, 0x0000000080800000, 0x0000000080800000|100%|HS|  |TAMS 0x0000000080700000| PB 0x0000000080700000| Complete 
|   8|0x0000000080800000, 0x0000000080900000, 0x0000000080900000|100%|HS|  |TAMS 0x0000000080800000| PB 0x0000000080800000| Complete 
|   9|0x0000000080900000, 0x0000000080a00000, 0x0000000080a00000|100%| O|  |TAMS 0x0000000080900000| PB 0x0000000080900000| Untracked 
|  10|0x0000000080a00000, 0x0000000080b00000, 0x0000000080b00000|100%| O|  |TAMS 0x0000000080a00000| PB 0x0000000080a00000| Untracked 
|  11|0x0000000080b00000, 0x0000000080c00000, 0x0000000080c00000|100%| O|  |TAMS 0x0000000080b00000| PB 0x0000000080b00000| Untracked 
|  12|0x0000000080c00000, 0x0000000080d00000, 0x0000000080d00000|100%| O|  |TAMS 0x0000000080c00000| PB 0x0000000080c00000| Untracked 
|  13|0x0000000080d00000, 0x0000000080e00000, 0x0000000080e00000|100%|HS|  |TAMS 0x0000000080d00000| PB 0x0000000080d00000| Complete 
|  14|0x0000000080e00000, 0x0000000080f00000, 0x0000000080f00000|100%|HC|  |TAMS 0x0000000080e00000| PB 0x0000000080e00000| Complete 
|  15|0x0000000080f00000, 0x0000000081000000, 0x0000000081000000|100%| O|  |TAMS 0x0000000080f00000| PB 0x0000000080f00000| Untracked 
|  16|0x0000000081000000, 0x0000000081100000, 0x0000000081100000|100%| O|  |TAMS 0x0000000081000000| PB 0x0000000081000000| Untracked 
|  17|0x0000000081100000, 0x0000000081200000, 0x0000000081200000|100%| O|  |TAMS 0x0000000081100000| PB 0x0000000081100000| Untracked 
|  18|0x0000000081200000, 0x0000000081300000, 0x0000000081300000|100%| O|  |TAMS 0x0000000081200000| PB 0x0000000081200000| Untracked 
|  19|0x0000000081300000, 0x0000000081400000, 0x0000000081400000|100%| O|  |TAMS 0x0000000081300000| PB 0x0000000081300000| Untracked 
|  20|0x0000000081400000, 0x0000000081500000, 0x0000000081500000|100%| O|  |TAMS 0x0000000081400000| PB 0x0000000081400000| Untracked 
|  21|0x0000000081500000, 0x0000000081600000, 0x0000000081600000|100%| O|  |TAMS 0x0000000081500000| PB 0x0000000081500000| Untracked 
|  22|0x0000000081600000, 0x0000000081700000, 0x0000000081700000|100%| O|  |TAMS 0x0000000081600000| PB 0x0000000081600000| Untracked 
|  23|0x0000000081700000, 0x0000000081800000, 0x0000000081800000|100%| O|  |TAMS 0x0000000081700000| PB 0x0000000081700000| Untracked 
|  24|0x0000000081800000, 0x0000000081900000, 0x0000000081900000|100%| O|  |TAMS 0x0000000081800000| PB 0x0000000081800000| Untracked 
|  25|0x0000000081900000, 0x0000000081a00000, 0x0000000081a00000|100%| O|  |TAMS 0x0000000081900000| PB 0x0000000081900000| Untracked 
|  26|0x0000000081a00000, 0x0000000081b00000, 0x0000000081b00000|100%| O|  |TAMS 0x0000000081a00000| PB 0x0000000081a00000| Untracked 
|  27|0x0000000081b00000, 0x0000000081b5a690, 0x0000000081c00000| 35%| O|  |TAMS 0x0000000081b00000| PB 0x0000000081b00000| Untracked 
|  28|0x0000000081c00000, 0x0000000081d00000, 0x0000000081d00000|100%|HS|  |TAMS 0x0000000081c00000| PB 0x0000000081c00000| Complete 
|  29|0x0000000081d00000, 0x0000000081e00000, 0x0000000081e00000|100%|HC|  |TAMS 0x0000000081d00000| PB 0x0000000081d00000| Complete 
|  30|0x0000000081e00000, 0x0000000081f00000, 0x0000000081f00000|100%|HC|  |TAMS 0x0000000081e00000| PB 0x0000000081e00000| Complete 
|  31|0x0000000081f00000, 0x0000000082000000, 0x0000000082000000|100%|HC|  |TAMS 0x0000000081f00000| PB 0x0000000081f00000| Complete 
|  32|0x0000000082000000, 0x0000000082100000, 0x0000000082100000|100%|HC|  |TAMS 0x0000000082000000| PB 0x0000000082000000| Complete 
|  33|0x0000000082100000, 0x0000000082200000, 0x0000000082200000|100%|HC|  |TAMS 0x0000000082100000| PB 0x0000000082100000| Complete 
|  34|0x0000000082200000, 0x0000000082300000, 0x0000000082300000|100%| O|  |TAMS 0x0000000082200000| PB 0x0000000082200000| Untracked 
|  35|0x0000000082300000, 0x0000000082400000, 0x0000000082400000|100%| O|  |TAMS 0x0000000082300000| PB 0x0000000082300000| Untracked 
|  36|0x0000000082400000, 0x0000000082500000, 0x0000000082500000|100%| O|  |TAMS 0x0000000082400000| PB 0x0000000082400000| Untracked 
|  37|0x0000000082500000, 0x0000000082600000, 0x0000000082600000|100%| O|  |TAMS 0x0000000082500000| PB 0x0000000082500000| Untracked 
|  38|0x0000000082600000, 0x0000000082600000, 0x0000000082700000|  0%| F|  |TAMS 0x0000000082600000| PB 0x0000000082600000| Untracked 
|  39|0x0000000082700000, 0x0000000082800000, 0x0000000082800000|100%| O|  |TAMS 0x0000000082700000| PB 0x0000000082700000| Untracked 
|  40|0x0000000082800000, 0x0000000082900000, 0x0000000082900000|100%| O|  |TAMS 0x0000000082800000| PB 0x0000000082800000| Untracked 
|  41|0x0000000082900000, 0x0000000082a00000, 0x0000000082a00000|100%| O|  |TAMS 0x0000000082900000| PB 0x0000000082900000| Untracked 
|  42|0x0000000082a00000, 0x0000000082b00000, 0x0000000082b00000|100%| O|  |TAMS 0x0000000082a00000| PB 0x0000000082a00000| Untracked 
|  43|0x0000000082b00000, 0x0000000082c00000, 0x0000000082c00000|100%| O|  |TAMS 0x0000000082b00000| PB 0x0000000082b00000| Untracked 
|  44|0x0000000082c00000, 0x0000000082d00000, 0x0000000082d00000|100%| O|  |TAMS 0x0000000082c00000| PB 0x0000000082c00000| Untracked 
|  45|0x0000000082d00000, 0x0000000082e00000, 0x0000000082e00000|100%| O|  |TAMS 0x0000000082d00000| PB 0x0000000082d00000| Untracked 
|  46|0x0000000082e00000, 0x0000000082f00000, 0x0000000082f00000|100%| O|  |TAMS 0x0000000082e00000| PB 0x0000000082e00000| Untracked 
|  47|0x0000000082f00000, 0x0000000083000000, 0x0000000083000000|100%| O|  |TAMS 0x0000000082f00000| PB 0x0000000082f00000| Untracked 
|  48|0x0000000083000000, 0x0000000083100000, 0x0000000083100000|100%| O|  |TAMS 0x0000000083000000| PB 0x0000000083000000| Untracked 
|  49|0x0000000083100000, 0x0000000083200000, 0x0000000083200000|100%| O|  |TAMS 0x0000000083100000| PB 0x0000000083100000| Untracked 
|  50|0x0000000083200000, 0x0000000083300000, 0x0000000083300000|100%| O|  |TAMS 0x0000000083200000| PB 0x0000000083200000| Untracked 
|  51|0x0000000083300000, 0x0000000083400000, 0x0000000083400000|100%| O|  |TAMS 0x0000000083300000| PB 0x0000000083300000| Untracked 
|  52|0x0000000083400000, 0x0000000083500000, 0x0000000083500000|100%| O|  |TAMS 0x0000000083400000| PB 0x0000000083400000| Untracked 
|  53|0x0000000083500000, 0x0000000083600000, 0x0000000083600000|100%| O|  |TAMS 0x0000000083500000| PB 0x0000000083500000| Untracked 
|  54|0x0000000083600000, 0x0000000083700000, 0x0000000083700000|100%| O|  |TAMS 0x0000000083600000| PB 0x0000000083600000| Untracked 
|  55|0x0000000083700000, 0x0000000083800000, 0x0000000083800000|100%| O|  |TAMS 0x0000000083700000| PB 0x0000000083700000| Untracked 
|  56|0x0000000083800000, 0x0000000083900000, 0x0000000083900000|100%| O|  |TAMS 0x0000000083800000| PB 0x0000000083800000| Untracked 
|  57|0x0000000083900000, 0x0000000083a00000, 0x0000000083a00000|100%| O|  |TAMS 0x0000000083900000| PB 0x0000000083900000| Untracked 
|  58|0x0000000083a00000, 0x0000000083a00000, 0x0000000083b00000|  0%| F|  |TAMS 0x0000000083a00000| PB 0x0000000083a00000| Untracked 
|  59|0x0000000083b00000, 0x0000000083b00000, 0x0000000083c00000|  0%| F|  |TAMS 0x0000000083b00000| PB 0x0000000083b00000| Untracked 
|  60|0x0000000083c00000, 0x0000000083d00000, 0x0000000083d00000|100%| O|  |TAMS 0x0000000083c00000| PB 0x0000000083c00000| Untracked 
|  61|0x0000000083d00000, 0x0000000083e00000, 0x0000000083e00000|100%| O|  |TAMS 0x0000000083d00000| PB 0x0000000083d00000| Untracked 
|  62|0x0000000083e00000, 0x0000000083f00000, 0x0000000083f00000|100%| O|  |TAMS 0x0000000083e00000| PB 0x0000000083e00000| Untracked 
|  63|0x0000000083f00000, 0x0000000084000000, 0x0000000084000000|100%| O|  |TAMS 0x0000000083f00000| PB 0x0000000083f00000| Untracked 
|  64|0x0000000084000000, 0x0000000084000000, 0x0000000084100000|  0%| F|  |TAMS 0x0000000084000000| PB 0x0000000084000000| Untracked 
|  65|0x0000000084100000, 0x0000000084100000, 0x0000000084200000|  0%| F|  |TAMS 0x0000000084100000| PB 0x0000000084100000| Untracked 
|  66|0x0000000084200000, 0x0000000084200000, 0x0000000084300000|  0%| F|  |TAMS 0x0000000084200000| PB 0x0000000084200000| Untracked 
|  67|0x0000000084300000, 0x0000000084300000, 0x0000000084400000|  0%| F|  |TAMS 0x0000000084300000| PB 0x0000000084300000| Untracked 
|  68|0x0000000084400000, 0x0000000084400000, 0x0000000084500000|  0%| F|  |TAMS 0x0000000084400000| PB 0x0000000084400000| Untracked 
|  69|0x0000000084500000, 0x0000000084500000, 0x0000000084600000|  0%| F|  |TAMS 0x0000000084500000| PB 0x0000000084500000| Untracked 
|  70|0x0000000084600000, 0x0000000084700000, 0x0000000084700000|100%| S|CS|TAMS 0x0000000084600000| PB 0x0000000084600000| Complete 
|  71|0x0000000084700000, 0x0000000084700000, 0x0000000084800000|  0%| F|  |TAMS 0x0000000084700000| PB 0x0000000084700000| Untracked 
|  72|0x0000000084800000, 0x0000000084800000, 0x0000000084900000|  0%| F|  |TAMS 0x0000000084800000| PB 0x0000000084800000| Untracked 
|  73|0x0000000084900000, 0x0000000084900000, 0x0000000084a00000|  0%| F|  |TAMS 0x0000000084900000| PB 0x0000000084900000| Untracked 
|  74|0x0000000084a00000, 0x0000000084a00000, 0x0000000084b00000|  0%| F|  |TAMS 0x0000000084a00000| PB 0x0000000084a00000| Untracked 
|  75|0x0000000084b00000, 0x0000000084b00000, 0x0000000084c00000|  0%| F|  |TAMS 0x0000000084b00000| PB 0x0000000084b00000| Untracked 
|  76|0x0000000084c00000, 0x0000000084c00000, 0x0000000084d00000|  0%| F|  |TAMS 0x0000000084c00000| PB 0x0000000084c00000| Untracked 
|  77|0x0000000084d00000, 0x0000000084d00000, 0x0000000084e00000|  0%| F|  |TAMS 0x0000000084d00000| PB 0x0000000084d00000| Untracked 
|  78|0x0000000084e00000, 0x0000000084e00000, 0x0000000084f00000|  0%| F|  |TAMS 0x0000000084e00000| PB 0x0000000084e00000| Untracked 
|  79|0x0000000084f00000, 0x0000000084f00000, 0x0000000085000000|  0%| F|  |TAMS 0x0000000084f00000| PB 0x0000000084f00000| Untracked 
|  80|0x0000000085000000, 0x0000000085000000, 0x0000000085100000|  0%| F|  |TAMS 0x0000000085000000| PB 0x0000000085000000| Untracked 
|  81|0x0000000085100000, 0x0000000085100000, 0x0000000085200000|  0%| F|  |TAMS 0x0000000085100000| PB 0x0000000085100000| Untracked 
|  82|0x0000000085200000, 0x0000000085300000, 0x0000000085300000|100%| S|CS|TAMS 0x0000000085200000| PB 0x0000000085200000| Complete 
|  83|0x0000000085300000, 0x0000000085400000, 0x0000000085400000|100%| S|CS|TAMS 0x0000000085300000| PB 0x0000000085300000| Complete 
|  84|0x0000000085400000, 0x0000000085500000, 0x0000000085500000|100%| S|CS|TAMS 0x0000000085400000| PB 0x0000000085400000| Complete 
|  85|0x0000000085500000, 0x0000000085600000, 0x0000000085600000|100%| S|CS|TAMS 0x0000000085500000| PB 0x0000000085500000| Complete 
|  86|0x0000000085600000, 0x0000000085700000, 0x0000000085700000|100%| S|CS|TAMS 0x0000000085600000| PB 0x0000000085600000| Complete 
|  87|0x0000000085700000, 0x0000000085800000, 0x0000000085800000|100%| S|CS|TAMS 0x0000000085700000| PB 0x0000000085700000| Complete 
|  88|0x0000000085800000, 0x0000000085900000, 0x0000000085900000|100%| S|CS|TAMS 0x0000000085800000| PB 0x0000000085800000| Complete 
|  89|0x0000000085900000, 0x0000000085a00000, 0x0000000085a00000|100%| S|CS|TAMS 0x0000000085900000| PB 0x0000000085900000| Complete 
|  90|0x0000000085a00000, 0x0000000085a00000, 0x0000000085b00000|  0%| F|  |TAMS 0x0000000085a00000| PB 0x0000000085a00000| Untracked 
|  91|0x0000000085b00000, 0x0000000085b00000, 0x0000000085c00000|  0%| F|  |TAMS 0x0000000085b00000| PB 0x0000000085b00000| Untracked 
|  92|0x0000000085c00000, 0x0000000085c00000, 0x0000000085d00000|  0%| F|  |TAMS 0x0000000085c00000| PB 0x0000000085c00000| Untracked 
|  93|0x0000000085d00000, 0x0000000085d00000, 0x0000000085e00000|  0%| F|  |TAMS 0x0000000085d00000| PB 0x0000000085d00000| Untracked 
|  94|0x0000000085e00000, 0x0000000085e00000, 0x0000000085f00000|  0%| F|  |TAMS 0x0000000085e00000| PB 0x0000000085e00000| Untracked 
|  95|0x0000000085f00000, 0x0000000085f00000, 0x0000000086000000|  0%| F|  |TAMS 0x0000000085f00000| PB 0x0000000085f00000| Untracked 
|  96|0x0000000086000000, 0x0000000086000000, 0x0000000086100000|  0%| F|  |TAMS 0x0000000086000000| PB 0x0000000086000000| Untracked 
|  97|0x0000000086100000, 0x0000000086100000, 0x0000000086200000|  0%| F|  |TAMS 0x0000000086100000| PB 0x0000000086100000| Untracked 
|  98|0x0000000086200000, 0x0000000086200000, 0x0000000086300000|  0%| F|  |TAMS 0x0000000086200000| PB 0x0000000086200000| Untracked 
|  99|0x0000000086300000, 0x0000000086300000, 0x0000000086400000|  0%| F|  |TAMS 0x0000000086300000| PB 0x0000000086300000| Untracked 
| 100|0x0000000086400000, 0x0000000086400000, 0x0000000086500000|  0%| F|  |TAMS 0x0000000086400000| PB 0x0000000086400000| Untracked 
| 101|0x0000000086500000, 0x0000000086500000, 0x0000000086600000|  0%| F|  |TAMS 0x0000000086500000| PB 0x0000000086500000| Untracked 
| 102|0x0000000086600000, 0x0000000086600000, 0x0000000086700000|  0%| F|  |TAMS 0x0000000086600000| PB 0x0000000086600000| Untracked 
| 103|0x0000000086700000, 0x0000000086700000, 0x0000000086800000|  0%| F|  |TAMS 0x0000000086700000| PB 0x0000000086700000| Untracked 
| 104|0x0000000086800000, 0x0000000086800000, 0x0000000086900000|  0%| F|  |TAMS 0x0000000086800000| PB 0x0000000086800000| Untracked 
| 105|0x0000000086900000, 0x0000000086900000, 0x0000000086a00000|  0%| F|  |TAMS 0x0000000086900000| PB 0x0000000086900000| Untracked 
| 106|0x0000000086a00000, 0x0000000086a00000, 0x0000000086b00000|  0%| F|  |TAMS 0x0000000086a00000| PB 0x0000000086a00000| Untracked 
| 107|0x0000000086b00000, 0x0000000086b00000, 0x0000000086c00000|  0%| F|  |TAMS 0x0000000086b00000| PB 0x0000000086b00000| Untracked 
| 108|0x0000000086c00000, 0x0000000086c00000, 0x0000000086d00000|  0%| F|  |TAMS 0x0000000086c00000| PB 0x0000000086c00000| Untracked 
| 109|0x0000000086d00000, 0x0000000086d00000, 0x0000000086e00000|  0%| F|  |TAMS 0x0000000086d00000| PB 0x0000000086d00000| Untracked 
| 110|0x0000000086e00000, 0x0000000086e00000, 0x0000000086f00000|  0%| F|  |TAMS 0x0000000086e00000| PB 0x0000000086e00000| Untracked 
| 111|0x0000000086f00000, 0x0000000086f00000, 0x0000000087000000|  0%| F|  |TAMS 0x0000000086f00000| PB 0x0000000086f00000| Untracked 
| 112|0x0000000087000000, 0x0000000087000000, 0x0000000087100000|  0%| F|  |TAMS 0x0000000087000000| PB 0x0000000087000000| Untracked 
| 113|0x0000000087100000, 0x0000000087100000, 0x0000000087200000|  0%| F|  |TAMS 0x0000000087100000| PB 0x0000000087100000| Untracked 
| 114|0x0000000087200000, 0x0000000087200000, 0x0000000087300000|  0%| F|  |TAMS 0x0000000087200000| PB 0x0000000087200000| Untracked 
| 115|0x0000000087300000, 0x0000000087300000, 0x0000000087400000|  0%| F|  |TAMS 0x0000000087300000| PB 0x0000000087300000| Untracked 
| 116|0x0000000087400000, 0x0000000087400000, 0x0000000087500000|  0%| F|  |TAMS 0x0000000087400000| PB 0x0000000087400000| Untracked 
| 117|0x0000000087500000, 0x0000000087500000, 0x0000000087600000|  0%| F|  |TAMS 0x0000000087500000| PB 0x0000000087500000| Untracked 
| 118|0x0000000087600000, 0x0000000087600000, 0x0000000087700000|  0%| F|  |TAMS 0x0000000087600000| PB 0x0000000087600000| Untracked 
| 119|0x0000000087700000, 0x0000000087700000, 0x0000000087800000|  0%| F|  |TAMS 0x0000000087700000| PB 0x0000000087700000| Untracked 
| 120|0x0000000087800000, 0x0000000087800000, 0x0000000087900000|  0%| F|  |TAMS 0x0000000087800000| PB 0x0000000087800000| Untracked 
| 121|0x0000000087900000, 0x0000000087900000, 0x0000000087a00000|  0%| F|  |TAMS 0x0000000087900000| PB 0x0000000087900000| Untracked 
| 122|0x0000000087a00000, 0x0000000087a00000, 0x0000000087b00000|  0%| F|  |TAMS 0x0000000087a00000| PB 0x0000000087a00000| Untracked 
| 123|0x0000000087b00000, 0x0000000087b00000, 0x0000000087c00000|  0%| F|  |TAMS 0x0000000087b00000| PB 0x0000000087b00000| Untracked 
| 124|0x0000000087c00000, 0x0000000087c00000, 0x0000000087d00000|  0%| F|  |TAMS 0x0000000087c00000| PB 0x0000000087c00000| Untracked 
| 125|0x0000000087d00000, 0x0000000087d00000, 0x0000000087e00000|  0%| F|  |TAMS 0x0000000087d00000| PB 0x0000000087d00000| Untracked 
| 126|0x0000000087e00000, 0x0000000087e00000, 0x0000000087f00000|  0%| F|  |TAMS 0x0000000087e00000| PB 0x0000000087e00000| Untracked 
| 127|0x0000000087f00000, 0x0000000087f00000, 0x0000000088000000|  0%| F|  |TAMS 0x0000000087f00000| PB 0x0000000087f00000| Untracked 
| 128|0x0000000088000000, 0x0000000088000000, 0x0000000088100000|  0%| F|  |TAMS 0x0000000088000000| PB 0x0000000088000000| Untracked 
| 129|0x0000000088100000, 0x0000000088100000, 0x0000000088200000|  0%| F|  |TAMS 0x0000000088100000| PB 0x0000000088100000| Untracked 
| 130|0x0000000088200000, 0x0000000088200000, 0x0000000088300000|  0%| F|  |TAMS 0x0000000088200000| PB 0x0000000088200000| Untracked 
| 131|0x0000000088300000, 0x0000000088400000, 0x0000000088400000|100%| E|  |TAMS 0x0000000088300000| PB 0x0000000088300000| Complete 
| 132|0x0000000088400000, 0x0000000088500000, 0x0000000088500000|100%| E|CS|TAMS 0x0000000088400000| PB 0x0000000088400000| Complete 
| 133|0x0000000088500000, 0x0000000088600000, 0x0000000088600000|100%| E|CS|TAMS 0x0000000088500000| PB 0x0000000088500000| Complete 
| 134|0x0000000088600000, 0x0000000088700000, 0x0000000088700000|100%| E|CS|TAMS 0x0000000088600000| PB 0x0000000088600000| Complete 
| 135|0x0000000088700000, 0x0000000088800000, 0x0000000088800000|100%| E|CS|TAMS 0x0000000088700000| PB 0x0000000088700000| Complete 
| 136|0x0000000088800000, 0x0000000088900000, 0x0000000088900000|100%| E|CS|TAMS 0x0000000088800000| PB 0x0000000088800000| Complete 
| 137|0x0000000088900000, 0x0000000088a00000, 0x0000000088a00000|100%| E|CS|TAMS 0x0000000088900000| PB 0x0000000088900000| Complete 
| 138|0x0000000088a00000, 0x0000000088b00000, 0x0000000088b00000|100%| E|CS|TAMS 0x0000000088a00000| PB 0x0000000088a00000| Complete 
| 139|0x0000000088b00000, 0x0000000088c00000, 0x0000000088c00000|100%| E|CS|TAMS 0x0000000088b00000| PB 0x0000000088b00000| Complete 
| 140|0x0000000088c00000, 0x0000000088d00000, 0x0000000088d00000|100%| E|CS|TAMS 0x0000000088c00000| PB 0x0000000088c00000| Complete 
| 141|0x0000000088d00000, 0x0000000088e00000, 0x0000000088e00000|100%| E|CS|TAMS 0x0000000088d00000| PB 0x0000000088d00000| Complete 
| 142|0x0000000088e00000, 0x0000000088f00000, 0x0000000088f00000|100%| E|CS|TAMS 0x0000000088e00000| PB 0x0000000088e00000| Complete 
| 143|0x0000000088f00000, 0x0000000089000000, 0x0000000089000000|100%| E|CS|TAMS 0x0000000088f00000| PB 0x0000000088f00000| Complete 
| 144|0x0000000089000000, 0x0000000089100000, 0x0000000089100000|100%| E|CS|TAMS 0x0000000089000000| PB 0x0000000089000000| Complete 
| 183|0x000000008b700000, 0x000000008b800000, 0x000000008b800000|100%| E|CS|TAMS 0x000000008b700000| PB 0x000000008b700000| Complete 
| 184|0x000000008b800000, 0x000000008b900000, 0x000000008b900000|100%| E|CS|TAMS 0x000000008b800000| PB 0x000000008b800000| Complete 
| 185|0x000000008b900000, 0x000000008ba00000, 0x000000008ba00000|100%| E|CS|TAMS 0x000000008b900000| PB 0x000000008b900000| Complete 
| 186|0x000000008ba00000, 0x000000008bb00000, 0x000000008bb00000|100%| E|CS|TAMS 0x000000008ba00000| PB 0x000000008ba00000| Complete 
| 187|0x000000008bb00000, 0x000000008bc00000, 0x000000008bc00000|100%| E|CS|TAMS 0x000000008bb00000| PB 0x000000008bb00000| Complete 
| 188|0x000000008bc00000, 0x000000008bd00000, 0x000000008bd00000|100%| E|CS|TAMS 0x000000008bc00000| PB 0x000000008bc00000| Complete 
| 189|0x000000008bd00000, 0x000000008be00000, 0x000000008be00000|100%| E|CS|TAMS 0x000000008bd00000| PB 0x000000008bd00000| Complete 
| 190|0x000000008be00000, 0x000000008bf00000, 0x000000008bf00000|100%| E|CS|TAMS 0x000000008be00000| PB 0x000000008be00000| Complete 
| 192|0x000000008c000000, 0x000000008c100000, 0x000000008c100000|100%| E|CS|TAMS 0x000000008c000000| PB 0x000000008c000000| Complete 
|2045|0x00000000ffd00000, 0x00000000ffe00000, 0x00000000ffe00000|100%| O|  |TAMS 0x00000000ffd00000| PB 0x00000000ffd00000| Untracked 
|2046|0x00000000ffe00000, 0x00000000fff00000, 0x00000000fff00000|100%| O|  |TAMS 0x00000000ffe00000| PB 0x00000000ffe00000| Untracked 
|2047|0x00000000fff00000, 0x0000000100000000, 0x0000000100000000|100%| O|  |TAMS 0x00000000fff00000| PB 0x00000000fff00000| Untracked 

Card table byte_map: [0x000001a020820000,0x000001a020c20000] _byte_map_base: 0x000001a020420000

Marking Bits: (CMBitMap*) 0x000001a00b4b6500
 Bits: [0x000001a020c20000, 0x000001a022c20000)

Polling page: 0x000001a009430000

Metaspace:

Usage:
  Non-class:     48.94 MB used.
      Class:      6.39 MB used.
       Both:     55.34 MB used.

Virtual space:
  Non-class space:       64.00 MB reserved,      49.38 MB ( 77%) committed,  1 nodes.
      Class space:        1.00 GB reserved,       6.81 MB ( <1%) committed,  1 nodes.
             Both:        1.06 GB reserved,      56.19 MB (  5%) committed. 

Chunk freelists:
   Non-Class:  14.12 MB
       Class:  9.04 MB
        Both:  23.17 MB

MaxMetaspaceSize: unlimited
CompressedClassSpaceSize: 1.00 GB
Initial GC threshold: 21.00 MB
Current GC threshold: 59.81 MB
CDS: on
 - commit_granule_bytes: 65536.
 - commit_granule_words: 8192.
 - virtual_space_node_default_size: 8388608.
 - enlarge_chunks_in_place: 1.
 - use_allocation_guard: 0.


Internal statistics:

num_allocs_failed_limit: 9.
num_arena_births: 1356.
num_arena_deaths: 0.
num_vsnodes_births: 2.
num_vsnodes_deaths: 0.
num_space_committed: 897.
num_space_uncommitted: 0.
num_chunks_returned_to_freelist: 9.
num_chunks_taken_from_freelist: 3589.
num_chunk_merges: 9.
num_chunk_splits: 2627.
num_chunks_enlarged: 1997.
num_inconsistent_stats: 0.

CodeHeap 'non-profiled nmethods': size=120000Kb used=5590Kb max_used=5590Kb free=114409Kb
 bounds [0x000001a018ef0000, 0x000001a019470000, 0x000001a020420000]
CodeHeap 'profiled nmethods': size=120000Kb used=31082Kb max_used=31082Kb free=88917Kb
 bounds [0x000001a011420000, 0x000001a013280000, 0x000001a018950000]
CodeHeap 'non-nmethods': size=5760Kb used=1522Kb max_used=1584Kb free=4237Kb
 bounds [0x000001a018950000, 0x000001a018bc0000, 0x000001a018ef0000]
CodeCache: size=245760Kb, used=38194Kb, max_used=38256Kb, free=207563Kb
 total_blobs=10837, nmethods=10181, adapters=559, full_count=0
Compilation: enabled, stopped_count=0, restarted_count=0

Compilation events (20 events):
Event: 17.694 Thread 0x000001a02511e570 10409       3       org.jetbrains.kotlin.descriptors.impl.TypeParameterDescriptorImpl::addUpperBound (19 bytes)
Event: 17.694 Thread 0x000001a02511e570 nmethod 10409 0x000001a013230a10 code [0x000001a013230c00, 0x000001a013230f58]
Event: 17.694 Thread 0x000001a02511e570 10410       3       org.jetbrains.kotlin.descriptors.impl.TypeParameterDescriptorImpl::doAddUpperBound (20 bytes)
Event: 17.694 Thread 0x000001a02511e570 nmethod 10410 0x000001a013231090 code [0x000001a013231260, 0x000001a0132314d8]
Event: 17.695 Thread 0x000001a02511e570 10412       3       org.jetbrains.kotlin.resolve.TypeResolver::resolveTypeForClass (685 bytes)
Event: 17.763 Thread 0x000001a02511e570 nmethod 10412 0x000001a013231610 code [0x000001a013231cc0, 0x000001a013235238]
Event: 17.763 Thread 0x000001a02511e570 10414       3       org.jetbrains.kotlin.resolve.calls.smartcasts.IdentifierInfo$Qualified::equals (47 bytes)
Event: 17.763 Thread 0x000001a02511e570 nmethod 10414 0x000001a013236390 code [0x000001a0132365a0, 0x000001a013236de8]
Event: 17.765 Thread 0x000001a02511e570 10415       3       org.jetbrains.kotlin.builtins.KotlinBuiltIns::getByteType (17 bytes)
Event: 17.766 Thread 0x000001a02511e570 nmethod 10415 0x000001a013236f90 code [0x000001a0132371c0, 0x000001a013237988]
Event: 17.766 Thread 0x000001a02511e570 10416       3       org.jetbrains.kotlin.builtins.KotlinBuiltIns::getShortType (17 bytes)
Event: 17.767 Thread 0x000001a02511e570 nmethod 10416 0x000001a013237c10 code [0x000001a013237e40, 0x000001a013238608]
Event: 17.767 Thread 0x000001a02511e570 10417       3       org.jetbrains.kotlin.resolve.calls.components.CollectionTypeVariableUsagesInfo::isContainedInInvariantOrContravariantPositions$default (20 bytes)
Event: 17.767 Thread 0x000001a02511e570 nmethod 10417 0x000001a013238890 code [0x000001a013238a40, 0x000001a013238b98]
Event: 17.767 Thread 0x000001a02511e570 10418       3       org.jetbrains.kotlin.descriptors.impl.AbstractTypeParameterDescriptor$TypeParameterTypeConstructor::computeSupertypes (16 bytes)
Event: 17.767 Thread 0x000001a02511e570 nmethod 10418 0x000001a013238c90 code [0x000001a013238e60, 0x000001a0132390a0]
Event: 17.767 Thread 0x000001a02511e570 10419       3       org.jetbrains.kotlin.descriptors.impl.AbstractTypeParameterDescriptor$TypeParameterTypeConstructor::getSupertypeLoopChecker (13 bytes)
Event: 17.767 Thread 0x000001a02511e570 nmethod 10419 0x000001a013239190 code [0x000001a013239340, 0x000001a0132394c0]
Event: 17.767 Thread 0x000001a02511e570 10420       3       org.jetbrains.kotlin.descriptors.impl.AbstractTypeParameterDescriptor$TypeParameterTypeConstructor::processSupertypesWithoutCycles (27 bytes)
Event: 17.767 Thread 0x000001a02511e570 nmethod 10420 0x000001a013239590 code [0x000001a013239760, 0x000001a013239a10]

GC Heap History (20 events):
Event: 1.270 GC heap before
{Heap before GC invocations=1 (full 0):
 garbage-first heap   total 131072K, used 24782K [0x0000000080000000, 0x0000000100000000)
  region size 1024K, 22 young (22528K), 2 survivors (2048K)
 Metaspace       used 9492K, committed 9664K, reserved 1114112K
  class space    used 1009K, committed 1088K, reserved 1048576K
}
Event: 1.278 GC heap after
{Heap after GC invocations=2 (full 0):
 garbage-first heap   total 131072K, used 7036K [0x0000000080000000, 0x0000000100000000)
  region size 1024K, 2 young (2048K), 2 survivors (2048K)
 Metaspace       used 9492K, committed 9664K, reserved 1114112K
  class space    used 1009K, committed 1088K, reserved 1048576K
}
Event: 2.850 GC heap before
{Heap before GC invocations=2 (full 0):
 garbage-first heap   total 131072K, used 91004K [0x0000000080000000, 0x0000000100000000)
  region size 1024K, 76 young (77824K), 2 survivors (2048K)
 Metaspace       used 20933K, committed 21248K, reserved 1114112K
  class space    used 2678K, committed 2816K, reserved 1048576K
}
Event: 2.891 GC heap after
{Heap after GC invocations=3 (full 0):
 garbage-first heap   total 131072K, used 24805K [0x0000000080000000, 0x0000000100000000)
  region size 1024K, 10 young (10240K), 10 survivors (10240K)
 Metaspace       used 20933K, committed 21248K, reserved 1114112K
  class space    used 2678K, committed 2816K, reserved 1048576K
}
Event: 2.958 GC heap before
{Heap before GC invocations=3 (full 0):
 garbage-first heap   total 131072K, used 38117K [0x0000000080000000, 0x0000000100000000)
  region size 1024K, 20 young (20480K), 10 survivors (10240K)
 Metaspace       used 20942K, committed 21312K, reserved 1114112K
  class space    used 2678K, committed 2816K, reserved 1048576K
}
Event: 2.986 GC heap after
{Heap after GC invocations=4 (full 0):
 garbage-first heap   total 131072K, used 31081K [0x0000000080000000, 0x0000000100000000)
  region size 1024K, 3 young (3072K), 3 survivors (3072K)
 Metaspace       used 20942K, committed 21312K, reserved 1114112K
  class space    used 2678K, committed 2816K, reserved 1048576K
}
Event: 3.131 GC heap before
{Heap before GC invocations=4 (full 0):
 garbage-first heap   total 131072K, used 35177K [0x0000000080000000, 0x0000000100000000)
  region size 1024K, 8 young (8192K), 3 survivors (3072K)
 Metaspace       used 21271K, committed 21504K, reserved 1114112K
  class space    used 2709K, committed 2816K, reserved 1048576K
}
Event: 3.137 GC heap after
{Heap after GC invocations=5 (full 0):
 garbage-first heap   total 131072K, used 27714K [0x0000000080000000, 0x0000000100000000)
  region size 1024K, 4 young (4096K), 4 survivors (4096K)
 Metaspace       used 21271K, committed 21504K, reserved 1114112K
  class space    used 2709K, committed 2816K, reserved 1048576K
}
Event: 4.609 GC heap before
{Heap before GC invocations=6 (full 0):
 garbage-first heap   total 92160K, used 89154K [0x0000000080000000, 0x0000000100000000)
  region size 1024K, 54 young (55296K), 4 survivors (4096K)
 Metaspace       used 31746K, committed 32064K, reserved 1114112K
  class space    used 3956K, committed 4096K, reserved 1048576K
}
Event: 4.630 GC heap after
{Heap after GC invocations=7 (full 0):
 garbage-first heap   total 200704K, used 44216K [0x0000000080000000, 0x0000000100000000)
  region size 1024K, 7 young (7168K), 7 survivors (7168K)
 Metaspace       used 31746K, committed 32064K, reserved 1114112K
  class space    used 3956K, committed 4096K, reserved 1048576K
}
Event: 5.781 GC heap before
{Heap before GC invocations=7 (full 0):
 garbage-first heap   total 200704K, used 68792K [0x0000000080000000, 0x0000000100000000)
  region size 1024K, 32 young (32768K), 7 survivors (7168K)
 Metaspace       used 35343K, committed 36096K, reserved 1114112K
  class space    used 4471K, committed 4864K, reserved 1048576K
}
Event: 5.796 GC heap after
{Heap after GC invocations=8 (full 0):
 garbage-first heap   total 200704K, used 45512K [0x0000000080000000, 0x0000000100000000)
  region size 1024K, 7 young (7168K), 7 survivors (7168K)
 Metaspace       used 35343K, committed 36096K, reserved 1114112K
  class space    used 4471K, committed 4864K, reserved 1048576K
}
Event: 5.885 GC heap before
{Heap before GC invocations=8 (full 0):
 garbage-first heap   total 200704K, used 46536K [0x0000000080000000, 0x0000000100000000)
  region size 1024K, 9 young (9216K), 7 survivors (7168K)
 Metaspace       used 35628K, committed 36416K, reserved 1114112K
  class space    used 4499K, committed 4928K, reserved 1048576K
}
Event: 5.895 GC heap after
{Heap after GC invocations=9 (full 0):
 garbage-first heap   total 200704K, used 46065K [0x0000000080000000, 0x0000000100000000)
  region size 1024K, 8 young (8192K), 8 survivors (8192K)
 Metaspace       used 35628K, committed 36416K, reserved 1114112K
  class space    used 4499K, committed 4928K, reserved 1048576K
}
Event: 9.772 GC heap before
{Heap before GC invocations=10 (full 0):
 garbage-first heap   total 160768K, used 135153K [0x0000000080000000, 0x0000000100000000)
  region size 1024K, 94 young (96256K), 8 survivors (8192K)
 Metaspace       used 47956K, committed 48832K, reserved 1114112K
  class space    used 5946K, committed 6336K, reserved 1048576K
}
Event: 9.792 GC heap after
{Heap after GC invocations=11 (full 0):
 garbage-first heap   total 160768K, used 52890K [0x0000000080000000, 0x0000000100000000)
  region size 1024K, 12 young (12288K), 12 survivors (12288K)
 Metaspace       used 47956K, committed 48832K, reserved 1114112K
  class space    used 5946K, committed 6336K, reserved 1048576K
}
Event: 13.796 GC heap before
{Heap before GC invocations=11 (full 0):
 garbage-first heap   total 160768K, used 125594K [0x0000000080000000, 0x0000000100000000)
  region size 1024K, 84 young (86016K), 12 survivors (12288K)
 Metaspace       used 54197K, committed 54976K, reserved 1114112K
  class space    used 6470K, committed 6848K, reserved 1048576K
}
Event: 13.839 GC heap after
{Heap after GC invocations=12 (full 0):
 garbage-first heap   total 160768K, used 65102K [0x0000000080000000, 0x0000000100000000)
  region size 1024K, 11 young (11264K), 11 survivors (11264K)
 Metaspace       used 54197K, committed 54976K, reserved 1114112K
  class space    used 6470K, committed 6848K, reserved 1048576K
}
Event: 16.711 GC heap before
{Heap before GC invocations=12 (full 0):
 garbage-first heap   total 160768K, used 131662K [0x0000000080000000, 0x0000000100000000)
  region size 1024K, 75 young (76800K), 11 survivors (11264K)
 Metaspace       used 56170K, committed 57088K, reserved 1114112K
  class space    used 6525K, committed 6976K, reserved 1048576K
}
Event: 16.744 GC heap after
{Heap after GC invocations=13 (full 0):
 garbage-first heap   total 160768K, used 74089K [0x0000000080000000, 0x0000000100000000)
  region size 1024K, 9 young (9216K), 9 survivors (9216K)
 Metaspace       used 56170K, committed 57088K, reserved 1114112K
  class space    used 6525K, committed 6976K, reserved 1048576K
}

Dll operation events (7 events):
Event: 0.013 Loaded shared library C:\Program Files\Eclipse Adoptium\jre-21.0.10.7-hotspot\bin\java.dll
Event: 0.061 Loaded shared library C:\Program Files\Eclipse Adoptium\jre-21.0.10.7-hotspot\bin\jsvml.dll
Event: 0.097 Loaded shared library C:\Program Files\Eclipse Adoptium\jre-21.0.10.7-hotspot\bin\net.dll
Event: 0.099 Loaded shared library C:\Program Files\Eclipse Adoptium\jre-21.0.10.7-hotspot\bin\nio.dll
Event: 0.132 Loaded shared library C:\Program Files\Eclipse Adoptium\jre-21.0.10.7-hotspot\bin\zip.dll
Event: 0.179 Loaded shared library C:\Program Files\Eclipse Adoptium\jre-21.0.10.7-hotspot\bin\jimage.dll
Event: 2.157 Loaded shared library C:\Program Files\Eclipse Adoptium\jre-21.0.10.7-hotspot\bin\verify.dll

Deoptimization events (20 events):
Event: 17.500 Thread 0x000001a0091d8b40 Uncommon trap: trap_request=0xffffff45 fr.pc=0x000001a0193d8a70 relative=0x0000000000000d10
Event: 17.500 Thread 0x000001a0091d8b40 Uncommon trap: reason=unstable_if action=reinterpret pc=0x000001a0193d8a70 method=org.jetbrains.kotlin.psi.KtPsiUtil.deparenthesizeOnce(Lorg/jetbrains/kotlin/psi/KtExpression;Z)Lorg/jetbrains/kotlin/psi/KtExpression; @ 23 c2
Event: 17.500 Thread 0x000001a0091d8b40 DEOPT PACKING pc=0x000001a0193d8a70 sp=0x0000005763cf4120
Event: 17.500 Thread 0x000001a0091d8b40 DEOPT UNPACKING pc=0x000001a0189a4422 sp=0x0000005763cf3f70 mode 2
Event: 17.590 Thread 0x000001a0091d8b40 Uncommon trap: trap_request=0xffffffde fr.pc=0x000001a0193bb668 relative=0x0000000000000a08
Event: 17.590 Thread 0x000001a0091d8b40 Uncommon trap: reason=class_check action=maybe_recompile pc=0x000001a0193bb668 method=org.jetbrains.kotlin.resolve.calls.util.PsiUtilsKt.getCalleeExpressionIfAny(Lorg/jetbrains/kotlin/psi/KtElement;)Lorg/jetbrains/kotlin/psi/KtExpression; @ 63 c2
Event: 17.590 Thread 0x000001a0091d8b40 DEOPT PACKING pc=0x000001a0193bb668 sp=0x0000005763cfb740
Event: 17.590 Thread 0x000001a0091d8b40 DEOPT UNPACKING pc=0x000001a0189a4422 sp=0x0000005763cfb6d0 mode 2
Event: 17.593 Thread 0x000001a0091d8b40 Uncommon trap: trap_request=0xffffffde fr.pc=0x000001a0193bb668 relative=0x0000000000000a08
Event: 17.593 Thread 0x000001a0091d8b40 Uncommon trap: reason=class_check action=maybe_recompile pc=0x000001a0193bb668 method=org.jetbrains.kotlin.resolve.calls.util.PsiUtilsKt.getCalleeExpressionIfAny(Lorg/jetbrains/kotlin/psi/KtElement;)Lorg/jetbrains/kotlin/psi/KtExpression; @ 63 c2
Event: 17.593 Thread 0x000001a0091d8b40 DEOPT PACKING pc=0x000001a0193bb668 sp=0x0000005763cfb190
Event: 17.593 Thread 0x000001a0091d8b40 DEOPT UNPACKING pc=0x000001a0189a4422 sp=0x0000005763cfb120 mode 2
Event: 17.593 Thread 0x000001a0091d8b40 Uncommon trap: trap_request=0xffffffde fr.pc=0x000001a0193bb668 relative=0x0000000000000a08
Event: 17.593 Thread 0x000001a0091d8b40 Uncommon trap: reason=class_check action=maybe_recompile pc=0x000001a0193bb668 method=org.jetbrains.kotlin.resolve.calls.util.PsiUtilsKt.getCalleeExpressionIfAny(Lorg/jetbrains/kotlin/psi/KtElement;)Lorg/jetbrains/kotlin/psi/KtExpression; @ 63 c2
Event: 17.593 Thread 0x000001a0091d8b40 DEOPT PACKING pc=0x000001a0193bb668 sp=0x0000005763cfb190
Event: 17.593 Thread 0x000001a0091d8b40 DEOPT UNPACKING pc=0x000001a0189a4422 sp=0x0000005763cfb120 mode 2
Event: 17.594 Thread 0x000001a0091d8b40 Uncommon trap: trap_request=0xffffffde fr.pc=0x000001a0193bb668 relative=0x0000000000000a08
Event: 17.594 Thread 0x000001a0091d8b40 Uncommon trap: reason=class_check action=maybe_recompile pc=0x000001a0193bb668 method=org.jetbrains.kotlin.resolve.calls.util.PsiUtilsKt.getCalleeExpressionIfAny(Lorg/jetbrains/kotlin/psi/KtElement;)Lorg/jetbrains/kotlin/psi/KtExpression; @ 63 c2
Event: 17.594 Thread 0x000001a0091d8b40 DEOPT PACKING pc=0x000001a0193bb668 sp=0x0000005763cfb140
Event: 17.594 Thread 0x000001a0091d8b40 DEOPT UNPACKING pc=0x000001a0189a4422 sp=0x0000005763cfb0d0 mode 2

Classes loaded (20 events):
Event: 7.406 Loading class java/text/CharacterIterator done
Event: 7.406 Loading class java/text/StringCharacterIterator done
Event: 8.813 Loading class java/util/stream/LongStream
Event: 8.815 Loading class java/util/stream/LongStream done
Event: 8.815 Loading class java/util/stream/DoubleStream
Event: 8.816 Loading class java/util/stream/DoubleStream done
Event: 8.928 Loading class java/security/CodeSigner
Event: 8.929 Loading class java/security/CodeSigner done
Event: 9.055 Loading class java/util/EnumMap$EntrySet
Event: 9.056 Loading class java/util/EnumMap$EntrySet done
Event: 9.056 Loading class java/util/EnumMap$EntryIterator
Event: 9.057 Loading class java/util/EnumMap$EnumMapIterator
Event: 9.057 Loading class java/util/EnumMap$EnumMapIterator done
Event: 9.057 Loading class java/util/EnumMap$EntryIterator done
Event: 9.057 Loading class java/util/EnumMap$EntryIterator$Entry
Event: 9.057 Loading class java/util/EnumMap$EntryIterator$Entry done
Event: 10.588 Loading class java/util/RegularEnumSet$EnumSetIterator
Event: 10.588 Loading class java/util/RegularEnumSet$EnumSetIterator done
Event: 12.909 Loading class java/util/Collections$2
Event: 12.909 Loading class java/util/Collections$2 done

Classes unloaded (0 events):
No events

Classes redefined (0 events):
No events

Internal exceptions (20 events):
Event: 12.169 Thread 0x000001a0091d8b40 Implicit null exception at 0x000001a01919b12f to 0x000001a01919dee4
Event: 12.169 Thread 0x000001a0091d8b40 Implicit null exception at 0x000001a01919b12f to 0x000001a01919dee4
Event: 12.169 Thread 0x000001a0091d8b40 Implicit null exception at 0x000001a01919b12f to 0x000001a01919dee4
Event: 12.169 Thread 0x000001a0091d8b40 Implicit null exception at 0x000001a01919b12f to 0x000001a01919dee4
Event: 12.169 Thread 0x000001a0091d8b40 Implicit null exception at 0x000001a01919b12f to 0x000001a01919dee4
Event: 12.169 Thread 0x000001a0091d8b40 Implicit null exception at 0x000001a01919b12f to 0x000001a01919dee4
Event: 12.169 Thread 0x000001a0091d8b40 Implicit null exception at 0x000001a01919b12f to 0x000001a01919dee4
Event: 12.169 Thread 0x000001a0091d8b40 Implicit null exception at 0x000001a019194326 to 0x000001a019197170
Event: 12.169 Thread 0x000001a0091d8b40 Implicit null exception at 0x000001a01917aa8a to 0x000001a01917be4c
Event: 12.396 Thread 0x000001a0091d8b40 Exception <a 'java/lang/NoSuchMethodError'{0x00000000870e1e18}: 'java.lang.Object java.lang.invoke.DirectMethodHandle$Holder.newInvokeSpecial(java.lang.Object, int, java.lang.Object, java.lang.Object)'> (0x00000000870e1e18) 
thrown [s\src\hotspot\share\interpreter\linkResolver.cpp, line 773]
Event: 12.397 Thread 0x000001a0091d8b40 Exception <a 'java/lang/NoSuchMethodError'{0x00000000870e6310}: 'java.lang.Object java.lang.invoke.DirectMethodHandle$Holder.invokeSpecial(java.lang.Object, java.lang.Object, int, java.lang.Object, java.lang.Object)'> (0x00000000870e6310) 
thrown [s\src\hotspot\share\interpreter\linkResolver.cpp, line 773]
Event: 12.812 Thread 0x000001a0091d8b40 Implicit null exception at 0x000001a01929896a to 0x000001a019299244
Event: 12.891 Thread 0x000001a0091d8b40 Exception <a 'java/lang/NoSuchMethodError'{0x00000000866b1bb8}: 'java.lang.Object java.lang.invoke.DirectMethodHandle$Holder.invokeInterface(java.lang.Object, java.lang.Object, java.lang.Object)'> (0x00000000866b1bb8) 
thrown [s\src\hotspot\share\interpreter\linkResolver.cpp, line 773]
Event: 12.891 Thread 0x000001a0091d8b40 Exception <a 'java/lang/IncompatibleClassChangeError'{0x00000000866b5260}: Found class java.lang.Object, but interface was expected> (0x00000000866b5260) 
thrown [s\src\hotspot\share\interpreter\linkResolver.cpp, line 840]
Event: 13.090 Thread 0x000001a0091d8b40 Exception <a 'java/lang/NoSuchMethodError'{0x0000000086028390}: 'java.lang.Object java.lang.invoke.DirectMethodHandle$Holder.invokeStatic(java.lang.Object, java.lang.Object, int, java.lang.Object)'> (0x0000000086028390) 
thrown [s\src\hotspot\share\interpreter\linkResolver.cpp, line 773]
Event: 13.091 Thread 0x000001a0091d8b40 Exception <a 'java/lang/NoSuchMethodError'{0x000000008602f878}: 'java.lang.Object java.lang.invoke.DirectMethodHandle$Holder.newInvokeSpecial(java.lang.Object, java.lang.Object, int, java.lang.Object)'> (0x000000008602f878) 
thrown [s\src\hotspot\share\interpreter\linkResolver.cpp, line 773]
Event: 13.091 Thread 0x000001a0091d8b40 Exception <a 'java/lang/NoSuchMethodError'{0x0000000086033c58}: 'java.lang.Object java.lang.invoke.DirectMethodHandle$Holder.invokeSpecial(java.lang.Object, java.lang.Object, java.lang.Object, int, java.lang.Object)'> (0x0000000086033c58) 
thrown [s\src\hotspot\share\interpreter\linkResolver.cpp, line 773]
Event: 13.092 Thread 0x000001a0091d8b40 Exception <a 'java/lang/NoSuchMethodError'{0x0000000086037bd0}: 'java.lang.Object java.lang.invoke.Invokers$Holder.linkToTargetMethod(java.lang.Object, int, java.lang.Object, java.lang.Object)'> (0x0000000086037bd0) 
thrown [s\src\hotspot\share\interpreter\linkResolver.cpp, line 773]
Event: 16.762 Thread 0x000001a0091d8b40 Implicit null exception at 0x000001a018f64246 to 0x000001a018f644fc
Event: 16.874 Thread 0x000001a0091d8b40 Implicit null exception at 0x000001a0193a8053 to 0x000001a0193a88fc

ZGC Phase Switch (0 events):
No events

VM Operations (20 events):
Event: 15.825 Executing safepoint VM operation: ICBufferFull
Event: 15.826 Executing safepoint VM operation: ICBufferFull done
Event: 15.987 Executing safepoint VM operation: ICBufferFull
Event: 15.987 Executing safepoint VM operation: ICBufferFull done
Event: 16.180 Executing safepoint VM operation: ICBufferFull
Event: 16.181 Executing safepoint VM operation: ICBufferFull done
Event: 16.386 Executing safepoint VM operation: ICBufferFull
Event: 16.387 Executing safepoint VM operation: ICBufferFull done
Event: 16.636 Executing safepoint VM operation: ICBufferFull
Event: 16.636 Executing safepoint VM operation: ICBufferFull done
Event: 16.711 Executing safepoint VM operation: G1CollectForAllocation (G1 Evacuation Pause)
Event: 16.744 Executing safepoint VM operation: G1CollectForAllocation (G1 Evacuation Pause) done
Event: 16.869 Executing non-safepoint VM operation: HandshakeAllThreads (Deoptimize)
Event: 16.869 Executing non-safepoint VM operation: HandshakeAllThreads (Deoptimize) done
Event: 16.965 Executing safepoint VM operation: ICBufferFull
Event: 16.965 Executing safepoint VM operation: ICBufferFull done
Event: 17.183 Executing safepoint VM operation: ICBufferFull
Event: 17.183 Executing safepoint VM operation: ICBufferFull done
Event: 17.563 Executing safepoint VM operation: ICBufferFull
Event: 17.563 Executing safepoint VM operation: ICBufferFull done

Memory protections (0 events):
No events

Nmethod flushes (20 events):
Event: 5.959 Thread 0x000001a0250db130 flushing  nmethod 0x000001a0115a0f10
Event: 5.959 Thread 0x000001a0250db130 flushing  nmethod 0x000001a0115fdd10
Event: 5.959 Thread 0x000001a0250db130 flushing  nmethod 0x000001a011655410
Event: 5.959 Thread 0x000001a0250db130 flushing  nmethod 0x000001a011656210
Event: 5.959 Thread 0x000001a0250db130 flushing  nmethod 0x000001a011657e10
Event: 5.959 Thread 0x000001a0250db130 flushing  nmethod 0x000001a011659010
Event: 5.959 Thread 0x000001a0250db130 flushing  nmethod 0x000001a01165bc90
Event: 5.959 Thread 0x000001a0250db130 flushing  nmethod 0x000001a01165c110
Event: 5.959 Thread 0x000001a0250db130 flushing  nmethod 0x000001a01165c990
Event: 5.959 Thread 0x000001a0250db130 flushing  nmethod 0x000001a01165d790
Event: 5.959 Thread 0x000001a0250db130 flushing  nmethod 0x000001a01165df10
Event: 5.959 Thread 0x000001a0250db130 flushing  nmethod 0x000001a01165e490
Event: 5.959 Thread 0x000001a0250db130 flushing  nmethod 0x000001a01165ea90
Event: 5.959 Thread 0x000001a0250db130 flushing  nmethod 0x000001a011684110
Event: 5.959 Thread 0x000001a0250db130 flushing  nmethod 0x000001a011684590
Event: 5.959 Thread 0x000001a0250db130 flushing  nmethod 0x000001a011685090
Event: 5.959 Thread 0x000001a0250db130 flushing  nmethod 0x000001a011688590
Event: 5.959 Thread 0x000001a0250db130 flushing  nmethod 0x000001a011689010
Event: 5.959 Thread 0x000001a0250db130 flushing  nmethod 0x000001a011689a90
Event: 5.959 Thread 0x000001a0250db130 flushing  nmethod 0x000001a011689e90

Events (18 events):
Event: 0.035 Thread 0x000001a0091d8b40 Thread added: 0x000001a0091d8b40
Event: 0.057 Thread 0x000001a0091d8b40 Thread added: 0x000001a0250fd180
Event: 0.057 Thread 0x000001a0091d8b40 Thread added: 0x000001a0250fdbe0
Event: 0.058 Thread 0x000001a0091d8b40 Thread added: 0x000001a025104e40
Event: 0.058 Thread 0x000001a0091d8b40 Thread added: 0x000001a025107fe0
Event: 0.058 Thread 0x000001a0091d8b40 Thread added: 0x000001a025105de0
Event: 0.058 Thread 0x000001a0091d8b40 Thread added: 0x000001a025118e70
Event: 0.058 Thread 0x000001a0091d8b40 Thread added: 0x000001a02511a1c0
Event: 0.059 Thread 0x000001a0091d8b40 Thread added: 0x000001a02511e570
Event: 0.088 Thread 0x000001a0091d8b40 Thread added: 0x000001a02523e5d0
Event: 0.091 Thread 0x000001a0091d8b40 Thread added: 0x000001a0252441b0
Event: 0.120 Thread 0x000001a02511a1c0 Thread added: 0x000001a02525ba40
Event: 0.377 Thread 0x000001a02525ba40 Thread exited: 0x000001a02525ba40
Event: 0.391 Thread 0x000001a02511a1c0 Thread added: 0x000001a02554d720
Event: 0.819 Thread 0x000001a02554d720 Thread exited: 0x000001a02554d720
Event: 2.348 Thread 0x000001a02511a1c0 Thread added: 0x000001a06b346840
Event: 6.586 Thread 0x000001a06b346840 Thread exited: 0x000001a06b346840
Event: 6.697 Thread 0x000001a02511e570 Thread added: 0x000001a0735d2e50


Dynamic libraries:
0x00007ff776610000 - 0x00007ff77661e000 	C:\Program Files\Eclipse Adoptium\jre-21.0.10.7-hotspot\bin\java.exe
0x00007ffa99e80000 - 0x00007ffa9a0e5000 	C:\Windows\SYSTEM32\ntdll.dll
0x00007ffa98280000 - 0x00007ffa98349000 	C:\Windows\System32\KERNEL32.DLL
0x00007ffa971c0000 - 0x00007ffa975a8000 	C:\Windows\System32\KERNELBASE.dll
0x00007ffa97890000 - 0x00007ffa979db000 	C:\Windows\System32\ucrtbase.dll
0x00007ffa82120000 - 0x00007ffa82138000 	C:\Program Files\Eclipse Adoptium\jre-21.0.10.7-hotspot\bin\jli.dll
0x00007ffa98b30000 - 0x00007ffa98cfa000 	C:\Windows\System32\USER32.dll
0x00007ffa97bf0000 - 0x00007ffa97c17000 	C:\Windows\System32\win32u.dll
0x00007ffa97ce0000 - 0x00007ffa97d0b000 	C:\Windows\System32\GDI32.dll
0x00007ffa96fd0000 - 0x00007ffa97107000 	C:\Windows\System32\gdi32full.dll
0x00007ffa784b0000 - 0x00007ffa784ce000 	C:\Program Files\Eclipse Adoptium\jre-21.0.10.7-hotspot\bin\VCRUNTIME140.dll
0x00007ffa97110000 - 0x00007ffa971b3000 	C:\Windows\System32\msvcp_win.dll
0x00007ffa784d0000 - 0x00007ffa7876a000 	C:\Windows\WinSxS\amd64_microsoft.windows.common-controls_6595b64144ccf1df_6.0.26100.4202_none_3e0698d4e335f517\COMCTL32.dll
0x00007ffa98020000 - 0x00007ffa980c9000 	C:\Windows\System32\msvcrt.dll
0x00007ffa98620000 - 0x00007ffa98650000 	C:\Windows\System32\IMM32.DLL
0x00007ffa84a20000 - 0x00007ffa84a2c000 	C:\Program Files\Eclipse Adoptium\jre-21.0.10.7-hotspot\bin\vcruntime140_1.dll
0x00007ffa76320000 - 0x00007ffa763ad000 	C:\Program Files\Eclipse Adoptium\jre-21.0.10.7-hotspot\bin\msvcp140.dll
0x00007ffa75570000 - 0x00007ffa76311000 	C:\Program Files\Eclipse Adoptium\jre-21.0.10.7-hotspot\bin\server\jvm.dll
0x00007ffa986e0000 - 0x00007ffa98793000 	C:\Windows\System32\ADVAPI32.dll
0x00007ffa980d0000 - 0x00007ffa98176000 	C:\Windows\System32\sechost.dll
0x00007ffa99890000 - 0x00007ffa999a5000 	C:\Windows\System32\RPCRT4.dll
0x00007ffa97fa0000 - 0x00007ffa98014000 	C:\Windows\System32\WS2_32.dll
0x00007ffa96e40000 - 0x00007ffa96e9e000 	C:\Windows\SYSTEM32\POWRPROF.dll
0x00007ffa78470000 - 0x00007ffa784a5000 	C:\Windows\SYSTEM32\WINMM.dll
0x00007ffa88ab0000 - 0x00007ffa88abb000 	C:\Windows\SYSTEM32\VERSION.dll
0x00007ffa96e20000 - 0x00007ffa96e34000 	C:\Windows\SYSTEM32\UMPDC.dll
0x00007ffa95450000 - 0x00007ffa9546b000 	C:\Windows\SYSTEM32\kernel.appcore.dll
0x00007ffa82870000 - 0x00007ffa8287a000 	C:\Program Files\Eclipse Adoptium\jre-21.0.10.7-hotspot\bin\jimage.dll
0x00007ffa88340000 - 0x00007ffa88581000 	C:\Windows\SYSTEM32\DBGHELP.DLL
0x00007ffa987a0000 - 0x00007ffa98b25000 	C:\Windows\System32\combase.dll
0x00007ffa98190000 - 0x00007ffa98271000 	C:\Windows\System32\OLEAUT32.dll
0x00007ffa85400000 - 0x00007ffa85439000 	C:\Windows\SYSTEM32\dbgcore.DLL
0x00007ffa977f0000 - 0x00007ffa97889000 	C:\Windows\System32\bcryptPrimitives.dll
0x00007ffa75510000 - 0x00007ffa75530000 	C:\Program Files\Eclipse Adoptium\jre-21.0.10.7-hotspot\bin\java.dll
0x00007ffa99120000 - 0x00007ffa99862000 	C:\Windows\System32\SHELL32.dll
0x00007ffa97a70000 - 0x00007ffa97be4000 	C:\Windows\System32\wintypes.dll
0x00007ffa8c470000 - 0x00007ffa8ccc8000 	C:\Windows\SYSTEM32\windows.storage.dll
0x00007ffa98fc0000 - 0x00007ffa990b1000 	C:\Windows\System32\SHCORE.dll
0x00007ffa98350000 - 0x00007ffa983ba000 	C:\Windows\System32\shlwapi.dll
0x00007ffa96ee0000 - 0x00007ffa96f0f000 	C:\Windows\SYSTEM32\profapi.dll
0x00007ffa75430000 - 0x00007ffa75507000 	C:\Program Files\Eclipse Adoptium\jre-21.0.10.7-hotspot\bin\jsvml.dll
0x00007ffa79af0000 - 0x00007ffa79b00000 	C:\Program Files\Eclipse Adoptium\jre-21.0.10.7-hotspot\bin\net.dll
0x00007ffa914a0000 - 0x00007ffa915be000 	C:\Windows\SYSTEM32\WINHTTP.dll
0x00007ffa96300000 - 0x00007ffa9636a000 	C:\Windows\system32\mswsock.dll
0x00007ffa75410000 - 0x00007ffa75426000 	C:\Program Files\Eclipse Adoptium\jre-21.0.10.7-hotspot\bin\nio.dll
0x00007ffa753f0000 - 0x00007ffa75408000 	C:\Program Files\Eclipse Adoptium\jre-21.0.10.7-hotspot\bin\zip.dll
0x00007ffa751c0000 - 0x00007ffa751d0000 	C:\Program Files\Eclipse Adoptium\jre-21.0.10.7-hotspot\bin\verify.dll
0x00007ffa7b0d0000 - 0x00007ffa7b168000 	C:\Windows\SYSTEM32\symsrv.dll
0x00007ffa97670000 - 0x00007ffa977e7000 	C:\Windows\System32\CRYPT32.dll
0x00007ffa96eb0000 - 0x00007ffa96ed6000 	C:\Windows\SYSTEM32\bcrypt.dll

JVMTI agents: none

dbghelp: loaded successfully - version: 4.0.5 - missing functions: none
symbol engine: initialized successfully - sym options: 0x614 - pdb path: .;C:\Program Files\Eclipse Adoptium\jre-21.0.10.7-hotspot\bin;C:\Windows\SYSTEM32;C:\Windows\WinSxS\amd64_microsoft.windows.common-controls_6595b64144ccf1df_6.0.26100.4202_none_3e0698d4e335f517;C:\Program Files\Eclipse Adoptium\jre-21.0.10.7-hotspot\bin\server

VM Arguments:
java_command: org.jetbrains.kotlin.cli.jvm.K2JVMCompiler @C:\flutter\packages\flutter_tools\gradle\build\20260407_2510454283065176041.compiler.options
java_class_path (initial): C:\Users\Administrator\.gradle\caches\modules-2\files-2.1\org.jetbrains.kotlin\kotlin-compiler-embeddable\2.0.21\79346ed53db48b18312a472602eb5c057070c54d\kotlin-compiler-embeddable-2.0.21.jar;C:\Users\Administrator\.gradle\caches\modules-2\files-2.1\org.jetbrains.kotlin\kotlin-stdlib\2.0.21\618b539767b4899b4660a83006e052b63f1db551\kotlin-stdlib-2.0.21.jar;C:\Users\Administrator\.gradle\caches\modules-2\files-2.1\org.jetbrains.kotlin\kotlin-script-runtime\2.0.21\c9b044380ad41f89aa89aa896c2d32a8c0b2129d\kotlin-script-runtime-2.0.21.jar;C:\Users\Administrator\.gradle\caches\modules-2\files-2.1\org.jetbrains.kotlin\kotlin-reflect\1.6.10\1cbe9c92c12a94eea200d23c2bbaedaf3daf5132\kotlin-reflect-1.6.10.jar;C:\Users\Administrator\.gradle\caches\modules-2\files-2.1\org.jetbrains.kotlin\kotlin-daemon-embeddable\2.0.21\c9e933b23287de9b5a17e2116b4657bb91aea72c\kotlin-daemon-embeddable-2.0.21.jar;C:\Users\Administrator\.gradle\caches\modules-2\files-2.1\org.jetbrains.intellij.deps\trove4j\1.0.20200330\3afb14d5f9ceb459d724e907a21145e8ff394f02\trove4j-1.0.20200330.jar;C:\Users\Administrator\.gradle\caches\modules-2\files-2.1\org.jetbrains.kotlinx\kotlinx-coroutines-core-jvm\1.6.4\2c997cd1c0ef33f3e751d3831929aeff1390cb30\kotlinx-coroutines-core-jvm-1.6.4.jar;C:\Users\Administrator\.gradle\caches\modules-2\files-2.1\org.jetbrains\annotations\13.0\919f0dfe192fb4e063e7dacadee7f8bb9a2672a9\annotations-13.0.jar
Launcher Type: SUN_STANDARD

[Global flags]
     intx CICompilerCount                          = 3                                         {product} {ergonomic}
     uint ConcGCThreads                            = 1                                         {product} {ergonomic}
     uint G1ConcRefinementThreads                  = 4                                         {product} {ergonomic}
   size_t G1HeapRegionSize                         = 1048576                                   {product} {ergonomic}
    uintx GCDrainStackTargetSize                   = 64                                        {product} {ergonomic}
   size_t InitialHeapSize                          = 134217728                                 {product} {ergonomic}
   size_t MarkStackSize                            = 4194304                                   {product} {ergonomic}
   size_t MaxHeapSize                              = 2147483648                                {product} {ergonomic}
   size_t MaxNewSize                               = 1287651328                                {product} {ergonomic}
   size_t MinHeapDeltaBytes                        = 1048576                                   {product} {ergonomic}
   size_t MinHeapSize                              = 8388608                                   {product} {ergonomic}
    uintx NonNMethodCodeHeapSize                   = 5832780                                {pd product} {ergonomic}
    uintx NonProfiledCodeHeapSize                  = 122912730                              {pd product} {ergonomic}
    uintx ProfiledCodeHeapSize                     = 122912730                              {pd product} {ergonomic}
    uintx ReservedCodeCacheSize                    = 251658240                              {pd product} {ergonomic}
     bool SegmentedCodeCache                       = true                                      {product} {ergonomic}
   size_t SoftMaxHeapSize                          = 2147483648                             {manageable} {ergonomic}
     bool UseCompressedOops                        = true                           {product lp64_product} {ergonomic}
     bool UseG1GC                                  = true                                      {product} {ergonomic}
     bool UseLargePagesIndividualAllocation        = false                                  {pd product} {ergonomic}

Logging:
Log output configuration:
 #0: stdout all=warning uptime,level,tags foldmultilines=false
 #1: stderr all=off uptime,level,tags foldmultilines=false

Release file:
IMPLEMENTOR="Eclipse Adoptium" 
IMPLEMENTOR_VERSION="Temurin-21.0.10+7" 
JAVA_RUNTIME_VERSION="21.0.10+7-LTS" 
JAVA_VERSION="21.0.10" 
JAVA_VERSION_DATE="2026-01-20" 
LIBC="default" 
MODULES="java.base java.compiler java.datatransfer java.xml java.prefs java.desktop java.instrument java.logging java.management java.security.sasl java.naming java.rmi java.management.rmi java.net.http java.scripting java.security.jgss java.transaction.xa java.sql java.sql.rowset java.xml.crypto java.se java.smartcardio jdk.accessibility jdk.internal.jvmstat jdk.attach jdk.charsets jdk.internal.opt jdk.zipfs jdk.compiler jdk.crypto.ec jdk.crypto.cryptoki jdk.crypto.mscapi jdk.dynalink jdk.internal.ed jdk.editpad jdk.hotspot.agent jdk.httpserver jdk.incubator.vector jdk.internal.le jdk.internal.vm.ci jdk.internal.vm.compiler jdk.internal.vm.compiler.management jdk.jartool jdk.javadoc jdk.jcmd jdk.management jdk.management.agent jdk.jconsole jdk.jdeps jdk.jdwp.agent jdk.jdi jdk.jfr jdk.jlink jdk.jpackage jdk.jshell jdk.jsobject jdk.jstatd jdk.localedata jdk.management.jfr jdk.naming.dns jdk.naming.rmi jdk.net jdk.nio.mapmode jdk.random jdk.sctp jdk.security.auth jdk.security.jgss jdk.unsupported jdk.unsupported.desktop jdk.xml.dom" 
OS_ARCH="x86_64" 
OS_NAME="Windows" 
SOURCE=".:git:a633eafe0fcc" 
BUILD_SOURCE="git:458965074606f027bd5afce2cfd5c1055dea0438"
BUILD_SOURCE_REPO="https://github.com/adoptium/temurin-build.git"
SOURCE_REPO="https://github.com/adoptium/jdk21u.git"
FULL_VERSION="21.0.10+7-LTS"
SEMANTIC_VERSION="21.0.10+7"
BUILD_INFO="OS: Windows Server 2022 Version: 10.0"
JVM_VARIANT="Hotspot"
JVM_VERSION="21.0.10+7-LTS"
IMAGE_TYPE="JRE"

Environment Variables:
JAVA_HOME=C:\Program Files\Eclipse Adoptium\jre-21.0.10.7-hotspot\
CLASSPATH=C:\polymarket_swipe\android\\gradle\wrapper\gradle-wrapper.jar
PATH=C:\Program Files\Eclipse Adoptium\jre-21.0.10.7-hotspot\bin;C:\Users\Administrator\bin;C:\Program Files\Git\mingw64\bin;C:\Program Files\Git\usr\local\bin;C:\Program Files\Git\usr\bin;C:\Program Files\Git\usr\bin;C:\Program Files\Git\mingw64\bin;C:\Program Files\Git\usr\bin;C:\Users\Administrator\bin;C:\Python313\Scripts;C:\Program Files\Eclipse Adoptium\jre-21.0.10.7-hotspot\bin;C:\Python313\Scripts;C:\Python313;C:\Windows\system32;C:\Windows;C:\Windows\System32\Wbem;C:\Windows\System32\WindowsPowerShell\v1.0;C:\Windows\System32\OpenSSH;C:\Program Files\Git\cmd;C:\Program Files\nodejs;C:\Program Files\Docker\Docker\resources\bin;C:\Users\Administrator\AppData\Local\Microsoft\WindowsApps;C:\Users\Administrator\AppData\Local\Programs\Microsoft VS Code\bin;C:\Users\Administrator\AppData\Roaming\npm;C:\Program Files\Git\usr\bin\vendor_perl;C:\Program Files\Git\usr\bin\core_perl;C:\flutter\bin\mingit\cmd
USERNAME=Administrator
SHELL=C:\Program Files\Git\bin\bash.exe
TERM=xterm-256color
OS=Windows_NT
PROCESSOR_IDENTIFIER=AMD64 Family 15 Model 6 Stepping 1, AuthenticAMD
TMP=C:\Users\ADMINI~1\AppData\Local\Temp\3
TEMP=C:\Users\ADMINI~1\AppData\Local\Temp\3




Periodic native trim disabled

---------------  S Y S T E M  ---------------

OS:
 Windows Server 2025 , 64 bit Build 26100 (10.0.26100.4202)
OS uptime: 2 days 0:19 hours
KVM virtualization detected

CPU: total 4 (initial active 4) (4 cores per cpu, 1 threads per core) family 15 model 6 stepping 1 microcode 0x1000065, cx8, cmov, fxsr, mmx, sse, sse2, sse3, ssse3, sse4.1, sse4.2, popcnt, lzcnt, tsc, avx, avx2, aes, clmul, bmi1, bmi2, fma, vzeroupper, clflush, hv, rdtscp, f16c
Processor Information for the first 4 processors :
  Max Mhz: 1996, Current Mhz: 1996, Mhz Limit: 1996

Memory: 4k page, system-wide physical 8191M (975M free)
TotalPageFile size 18362M (AvailPageFile size 5M)
current process WorkingSet (physical memory assigned to process): 365M, peak: 365M
current process commit charge ("private bytes"): 394M, peak: 395M

vm_info: OpenJDK 64-Bit Server VM (21.0.10+7-LTS) for windows-amd64 JRE (21.0.10+7-LTS), built on 2026-01-20T00:00:00Z by "admin" with MS VC++ 17.12 (VS2022)

END.
